<?xml version="1.0" encoding="UTF-8"?>
<!-- Generated by org.testng.reporters.JUnitXMLReporter -->
<testsuite hostname="DESKTOP-MUEUS88" failures="0" tests="3" name="Default test" time="0.051" errors="0" timestamp="22 Jun 2023 04:23:55 GMT">
  <testcase classname="ICICIBank.CarBuy" name="CarBuywithBranch" time="0.013"/>
  <testcase classname="ICICIBank.CarBuy" name="CarBuywithWeb" time="0.005"/>
  <testcase classname="ICICIBank.CarBuy" name="CarBuywithAPP" time="0.003"/>
</testsuite> <!-- Default test -->
