<?xml version="1.0" encoding="UTF-8"?>
<!-- Generated by org.testng.reporters.JUnitXMLReporter -->
<testsuite hostname="DESKTOP-MUEUS88" failures="0" tests="18" name="Test" time="0.196" errors="0" timestamp="21 Jun 2023 04:45:55 GMT">
  <testcase classname="ICICIBank.SmartLoan" name="FlexiLoanwithAPP" time="0.018"/>
  <testcase classname="ICICIBank.SmartLoan" name="SmartLoanwithBranch" time="0.002"/>
  <testcase classname="ICICIBank.SmartLoan" name="SmartLoanwithWeb" time="0.006"/>
  <testcase classname="ICICIBank.CarBuy" name="CarBuywithAPP" time="0.006"/>
  <testcase classname="ICICIBank.CarBuy" name="CarBuywithBranch" time="0.008"/>
  <testcase classname="ICICIBank.CarBuy" name="CarBuywithWeb" time="0.004"/>
  <testcase classname="ICICIBank.FixedLoan" name="FixedLoanwithAPP" time="0.002"/>
  <testcase classname="ICICIBank.FixedLoan" name="FixedLoanwithBranch" time="0.005"/>
  <testcase classname="ICICIBank.FixedLoan" name="FixedLoanwithWeb" time="0.004"/>
  <testcase classname="ICICIBank.CarLease" name="CarLeasewithAPP" time="0.003"/>
  <testcase classname="ICICIBank.CarLease" name="CarLeasewithBranch" time="0.002"/>
  <testcase classname="ICICIBank.CarLease" name="CarLeasewithWeb" time="0.006"/>
  <testcase classname="ICICIBank.MortgageLoan" name="MortgageLoanwithAPP" time="0.005"/>
  <testcase classname="ICICIBank.MortgageLoan" name="MortgageLoanwithBranch" time="0.013"/>
  <testcase classname="ICICIBank.MortgageLoan" name="MortgageLoanwithWeb" time="0.002"/>
  <testcase classname="ICICIBank.FlexiLoan" name="FlexiLoanwithAPP" time="0.004"/>
  <testcase classname="ICICIBank.FlexiLoan" name="FlexiLoanwithBranch" time="0.002"/>
  <testcase classname="ICICIBank.FlexiLoan" name="FlexiLoanwithWeb" time="0.002"/>
</testsuite> <!-- Test -->
