<?xml version="1.0" encoding="UTF-8"?>
<!-- Generated by org.testng.reporters.JUnitXMLReporter -->
<testsuite hostname="DESKTOP-MUEUS88" failures="0" tests="4" name="Test" time="0.1" errors="0" timestamp="21 Jun 2023 04:25:29 GMT">
  <testcase classname="LoanDepartment.CarLoan" name="CarLeaseLoan" time="0.033"/>
  <testcase classname="LoanDepartment.CarLoan" name="SmartLoan" time="0.01"/>
  <testcase classname="LoanDepartment.HomeLoan" name="BestBuyLoan" time="0.003"/>
  <testcase classname="LoanDepartment.HomeLoan" name="MortageLoan" time="0.005"/>
</testsuite> <!-- Test -->
