<?xml version="1.0" encoding="UTF-8"?>
<!-- Generated by org.testng.reporters.JUnitXMLReporter -->
<testsuite hostname="DESKTOP-MUEUS88" failures="0" tests="6" name="CarLoan" time="0.072" errors="0" timestamp="21 Jun 2023 05:05:22 GMT">
  <testcase classname="ICICIBank.CarBuy" name="CarBuywithAPP" time="0.005"/>
  <testcase classname="ICICIBank.CarBuy" name="CarBuywithBranch" time="0.004"/>
  <testcase classname="ICICIBank.CarBuy" name="CarBuywithWeb" time="0.011"/>
  <testcase classname="ICICIBank.CarLease" name="CarLeasewithAPP" time="0.009"/>
  <testcase classname="ICICIBank.CarLease" name="CarLeasewithBranch" time="0.003"/>
  <testcase classname="ICICIBank.CarLease" name="CarLeasewithWeb" time="0.006"/>
</testsuite> <!-- CarLoan -->
