<?xml version="1.0" encoding="UTF-8"?>
<!-- Generated by org.testng.reporters.JUnitXMLReporter -->
<testsuite hostname="DESKTOP-MUEUS88" failures="0" tests="6" name="HomeLoan" time="0.154" errors="0" timestamp="22 Jun 2023 04:44:59 GMT">
  <testcase classname="ICICIBank.MortgageLoan" name="MortgageLoanwithAPP" time="0.016"/>
  <testcase classname="ICICIBank.MortgageLoan" name="MortgageLoanwithBranch" time="0.006"/>
  <testcase classname="ICICIBank.MortgageLoan" name="MortgageLoanwithWeb" time="0.013"/>
  <testcase classname="ICICIBank.SmartLoan" name="SmartLoanwithAPP" time="0.004"/>
  <testcase classname="ICICIBank.SmartLoan" name="SmartLoanwithBranch" time="0.006"/>
  <testcase classname="ICICIBank.SmartLoan" name="SmartLoanwithWeb" time="0.005"/>
</testsuite> <!-- HomeLoan -->
