<?xml version="1.0" encoding="UTF-8"?>
<!-- Generated by org.testng.reporters.JUnitXMLReporter -->
<testsuite hostname="DESKTOP-MUEUS88" failures="0" tests="4" name="HomeLoan" time="0.136" errors="0" timestamp="21 Jun 2023 05:05:21 GMT">
  <testcase classname="ICICIBank.MortgageLoan" name="MortgageLoanwithAPP" time="0.025"/>
  <testcase classname="ICICIBank.SmartLoan" name="SmartLoanwithAPP" time="0.015"/>
  <testcase classname="ICICIBank.SmartLoan" name="SmartLoanwithBranch" time="0.018"/>
  <testcase classname="ICICIBank.SmartLoan" name="SmartLoanwithWeb" time="0.013"/>
</testsuite> <!-- HomeLoan -->
