<?xml version="1.0" encoding="UTF-8"?>
<!-- Generated by org.testng.reporters.JUnitXMLReporter -->
<testsuite hostname="DESKTOP-MUEUS88" failures="0" tests="6" name="PersonalLoan" time="0.058" errors="0" timestamp="22 Jun 2023 04:44:59 GMT">
  <testcase classname="ICICIBank.FixedLoan" name="FixedLoanwithAPP" time="0.003"/>
  <testcase classname="ICICIBank.FixedLoan" name="FixedLoanwithBranch" time="0.001"/>
  <testcase classname="ICICIBank.FixedLoan" name="FixedLoanwithWeb" time="0.004"/>
  <testcase classname="ICICIBank.FlexiLoan" name="FlexiLoanwithAPP" time="0.001"/>
  <testcase classname="ICICIBank.FlexiLoan" name="FlexiLoanwithBranch" time="0.003"/>
  <testcase classname="ICICIBank.FlexiLoan" name="FlexiLoanwithWeb" time="0.001"/>
</testsuite> <!-- PersonalLoan -->
