<?xml version="1.0" encoding="UTF-8"?>
<!-- Generated by org.testng.reporters.JUnitXMLReporter -->
<testsuite hostname="DESKTOP-MUEUS88" failures="0" tests="6" name="PersonalLoan" time="0.055" errors="0" timestamp="21 Jun 2023 05:05:21 GMT">
  <testcase classname="ICICIBank.FixedLoan" name="FixedLoanwithAPP" time="0.002"/>
  <testcase classname="ICICIBank.FixedLoan" name="FixedLoanwithBranch" time="0.002"/>
  <testcase classname="ICICIBank.FixedLoan" name="FixedLoanwithWeb" time="0.003"/>
  <testcase classname="ICICIBank.FlexiLoan" name="FlexiLoanwithAPP" time="0.011"/>
  <testcase classname="ICICIBank.FlexiLoan" name="FlexiLoanwithBranch" time="0.002"/>
  <testcase classname="ICICIBank.FlexiLoan" name="FlexiLoanwithWeb" time="0.002"/>
</testsuite> <!-- PersonalLoan -->
